# Logfile created on 2014-01-02 16:47:22 +0900 by logger.rb/44203
I, [2014-01-02T16:47:22.859131 #18658]  INFO -- : 0:  rake (10.1.1) from /Users/sue445/.rbenv/versions/2.1.0/lib/ruby/gems/2.1.0/specifications/rake-10.1.1.gemspec
I, [2014-01-02T16:47:22.859635 #18658]  INFO -- : 0:  i18n (0.6.9) from /Users/sue445/.rbenv/versions/2.1.0/lib/ruby/gems/2.1.0/specifications/i18n-0.6.9.gemspec
I, [2014-01-02T16:47:22.860063 #18658]  INFO -- : 0:  multi_json (1.8.2) from /Users/sue445/.rbenv/versions/2.1.0/lib/ruby/gems/2.1.0/specifications/multi_json-1.8.2.gemspec
I, [2014-01-02T16:47:22.860465 #18658]  INFO -- : 0:  activesupport (3.2.16) from /Users/sue445/.rbenv/versions/2.1.0/lib/ruby/gems/2.1.0/specifications/activesupport-3.2.16.gemspec
I, [2014-01-02T16:47:22.860862 #18658]  INFO -- : 0:  builder (3.0.4) from /Users/sue445/.rbenv/versions/2.1.0/lib/ruby/gems/2.1.0/specifications/builder-3.0.4.gemspec
I, [2014-01-02T16:47:22.861369 #18658]  INFO -- : 0:  activemodel (3.2.16) from /Users/sue445/.rbenv/versions/2.1.0/lib/ruby/gems/2.1.0/specifications/activemodel-3.2.16.gemspec
I, [2014-01-02T16:47:22.861775 #18658]  INFO -- : 0:  arel (3.0.3) from /Users/sue445/.rbenv/versions/2.1.0/lib/ruby/gems/2.1.0/specifications/arel-3.0.3.gemspec
I, [2014-01-02T16:47:22.862165 #18658]  INFO -- : 0:  tzinfo (0.3.38) from /Users/sue445/.rbenv/versions/2.1.0/lib/ruby/gems/2.1.0/specifications/tzinfo-0.3.38.gemspec
I, [2014-01-02T16:47:22.862557 #18658]  INFO -- : 0:  activerecord (3.2.16) from /Users/sue445/.rbenv/versions/2.1.0/lib/ruby/gems/2.1.0/specifications/activerecord-3.2.16.gemspec
I, [2014-01-02T16:47:22.862890 #18658]  INFO -- : 0:  bundler (1.5.1) from /Users/sue445/.rbenv/versions/2.1.0/lib/ruby/gems/2.1.0/specifications/bundler-1.5.1.gemspec
I, [2014-01-02T16:47:22.863277 #18658]  INFO -- : 0:  diff-lcs (1.2.5) from /Users/sue445/.rbenv/versions/2.1.0/lib/ruby/gems/2.1.0/specifications/diff-lcs-1.2.5.gemspec
I, [2014-01-02T16:47:22.863713 #18658]  INFO -- : 0:  rack (1.5.2) from /Users/sue445/.rbenv/versions/2.1.0/lib/ruby/gems/2.1.0/specifications/rack-1.5.2.gemspec
I, [2014-01-02T16:47:22.864069 #18658]  INFO -- : 0:  url_mount (0.2.1) from /Users/sue445/.rbenv/versions/2.1.0/lib/ruby/gems/2.1.0/specifications/url_mount-0.2.1.gemspec
I, [2014-01-02T16:47:22.864415 #18658]  INFO -- : 0:  http_router (0.11.0) from /Users/sue445/.rbenv/versions/2.1.0/lib/ruby/gems/2.1.0/specifications/http_router-0.11.0.gemspec
I, [2014-01-02T16:47:22.864767 #18658]  INFO -- : 0:  mime-types (1.25.1) from /Users/sue445/.rbenv/versions/2.1.0/lib/ruby/gems/2.1.0/specifications/mime-types-1.25.1.gemspec
I, [2014-01-02T16:47:22.865125 #18658]  INFO -- : 0:  polyglot (0.3.3) from /Users/sue445/.rbenv/versions/2.1.0/lib/ruby/gems/2.1.0/specifications/polyglot-0.3.3.gemspec
I, [2014-01-02T16:47:22.865477 #18658]  INFO -- : 0:  treetop (1.4.15) from /Users/sue445/.rbenv/versions/2.1.0/lib/ruby/gems/2.1.0/specifications/treetop-1.4.15.gemspec
I, [2014-01-02T16:47:22.865825 #18658]  INFO -- : 0:  mail (2.5.4) from /Users/sue445/.rbenv/versions/2.1.0/lib/ruby/gems/2.1.0/specifications/mail-2.5.4.gemspec
I, [2014-01-02T16:47:22.866177 #18658]  INFO -- : 0:  rack-protection (1.5.1) from /Users/sue445/.rbenv/versions/2.1.0/lib/ruby/gems/2.1.0/specifications/rack-protection-1.5.1.gemspec
I, [2014-01-02T16:47:22.866531 #18658]  INFO -- : 0:  tilt (1.4.1) from /Users/sue445/.rbenv/versions/2.1.0/lib/ruby/gems/2.1.0/specifications/tilt-1.4.1.gemspec
I, [2014-01-02T16:47:22.866871 #18658]  INFO -- : 0:  sinatra (1.4.4) from /Users/sue445/.rbenv/versions/2.1.0/lib/ruby/gems/2.1.0/specifications/sinatra-1.4.4.gemspec
I, [2014-01-02T16:47:22.867230 #18658]  INFO -- : 0:  thor (0.17.0) from /Users/sue445/.rbenv/versions/2.1.0/lib/ruby/gems/2.1.0/specifications/thor-0.17.0.gemspec
I, [2014-01-02T16:47:22.867583 #18658]  INFO -- : 0:  padrino-core (0.11.4) from /Users/sue445/.rbenv/versions/2.1.0/lib/ruby/gems/2.1.0/specifications/padrino-core-0.11.4.gemspec
I, [2014-01-02T16:47:22.867933 #18658]  INFO -- : 0:  padrino-helpers (0.11.4) from /Users/sue445/.rbenv/versions/2.1.0/lib/ruby/gems/2.1.0/specifications/padrino-helpers-0.11.4.gemspec
I, [2014-01-02T16:47:22.868308 #18658]  INFO -- : 0:  padrino-admin (0.11.4) from /Users/sue445/.rbenv/versions/2.1.0/lib/ruby/gems/2.1.0/specifications/padrino-admin-0.11.4.gemspec
I, [2014-01-02T16:47:22.868657 #18658]  INFO -- : 0:  padrino-cache (0.11.4) from /Users/sue445/.rbenv/versions/2.1.0/lib/ruby/gems/2.1.0/specifications/padrino-cache-0.11.4.gemspec
I, [2014-01-02T16:47:22.869006 #18658]  INFO -- : 0:  padrino-gen (0.11.4) from /Users/sue445/.rbenv/versions/2.1.0/lib/ruby/gems/2.1.0/specifications/padrino-gen-0.11.4.gemspec
I, [2014-01-02T16:47:22.870809 #18658]  INFO -- : 0:  padrino-mailer (0.11.4) from /Users/sue445/.rbenv/versions/2.1.0/lib/ruby/gems/2.1.0/specifications/padrino-mailer-0.11.4.gemspec
I, [2014-01-02T16:47:22.871296 #18658]  INFO -- : 0:  padrino (0.11.4) from /Users/sue445/.rbenv/versions/2.1.0/lib/ruby/gems/2.1.0/specifications/padrino-0.11.4.gemspec
I, [2014-01-02T16:47:22.871703 #18658]  INFO -- : 0:  rack-test (0.6.2) from /Users/sue445/.rbenv/versions/2.1.0/lib/ruby/gems/2.1.0/specifications/rack-test-0.6.2.gemspec
I, [2014-01-02T16:47:22.872058 #18658]  INFO -- : 0:  rspec-core (2.14.7) from /Users/sue445/.rbenv/versions/2.1.0/lib/ruby/gems/2.1.0/specifications/rspec-core-2.14.7.gemspec
I, [2014-01-02T16:47:22.872431 #18658]  INFO -- : 0:  rspec-expectations (2.14.4) from /Users/sue445/.rbenv/versions/2.1.0/lib/ruby/gems/2.1.0/specifications/rspec-expectations-2.14.4.gemspec
I, [2014-01-02T16:47:22.872792 #18658]  INFO -- : 0:  rspec-mocks (2.14.4) from /Users/sue445/.rbenv/versions/2.1.0/lib/ruby/gems/2.1.0/specifications/rspec-mocks-2.14.4.gemspec
I, [2014-01-02T16:47:22.873150 #18658]  INFO -- : 0:  rspec (2.14.1) from /Users/sue445/.rbenv/versions/2.1.0/lib/ruby/gems/2.1.0/specifications/rspec-2.14.1.gemspec
I, [2014-01-02T16:47:22.873506 #18658]  INFO -- : 0:  sass (3.2.13) from /Users/sue445/.rbenv/versions/2.1.0/lib/ruby/gems/2.1.0/specifications/sass-3.2.13.gemspec
I, [2014-01-02T16:47:22.873877 #18658]  INFO -- : 0:  temple (0.6.7) from /Users/sue445/.rbenv/versions/2.1.0/lib/ruby/gems/2.1.0/specifications/temple-0.6.7.gemspec
I, [2014-01-02T16:47:22.874242 #18658]  INFO -- : 0:  slim (2.0.2) from /Users/sue445/.rbenv/versions/2.1.0/lib/ruby/gems/2.1.0/specifications/slim-2.0.2.gemspec
I, [2014-01-02T16:47:22.874609 #18658]  INFO -- : 0:  sqlite3 (1.3.8) from /Users/sue445/.rbenv/versions/2.1.0/lib/ruby/gems/2.1.0/specifications/sqlite3-1.3.8.gemspec
